<?xml version="1.0" encoding="UTF-8"?>
<!-- Generated by org.testng.reporters.JUnitReportReporter -->
<testsuite hostname="DESKTOP-9N1BKMG" failures="0" tests="1" name="tests.AppsTest" time="0.000" errors="0" timestamp="2021-12-20T22:58:53 EET" skipped="1">
  <testcase classname="tests.AppsTest" name="ChooseEducationFromCategories" time="0.000">
    <skipped/>
  </testcase> <!-- ChooseEducationFromCategories -->
  <system-out/>
</testsuite> <!-- tests.AppsTest -->
