<?xml version="1.0" encoding="UTF-8"?>
<!-- Generated by org.testng.reporters.JUnitReportReporter -->
<testsuite hostname="DESKTOP-9N1BKMG" failures="0" tests="2" name="tests.HomeTest" time="2.979" errors="0" timestamp="2021-12-20T22:30:52 EET" skipped="0">
  <testcase classname="tests.HomeTest" name="OpenAppsLink" time="2.653"/>
  <system-out/>
  <testcase classname="tests.HomeTest" name="OpenAppsLink" time="0.326"/>
  <system-out/>
</testsuite> <!-- tests.HomeTest -->
