<?xml version="1.0" encoding="UTF-8"?>
<!-- Generated by org.testng.reporters.JUnitReportReporter -->
<testsuite hostname="DESKTOP-9N1BKMG" failures="0" tests="1" name="tests.SearchTest" time="0.548" errors="0" timestamp="2021-12-20T15:27:16 EET" skipped="0">
  <testcase classname="tests.SearchTest" name="searchForTedApp" time="0.548"/>
  <system-out/>
</testsuite> <!-- tests.SearchTest -->
