<?xml version="1.0" encoding="UTF-8"?>
<!-- Generated by org.testng.reporters.JUnitReportReporter -->
<testsuite hostname="DESKTOP-9N1BKMG" failures="0" tests="1" name="tests.SelectAppTest" time="2.674" errors="0" timestamp="2021-12-20T15:27:16 EET" skipped="0">
  <testcase classname="tests.SelectAppTest" name="selectTedApp" time="2.674"/>
  <system-out/>
</testsuite> <!-- tests.SelectAppTest -->
