<?xml version="1.0" encoding="UTF-8"?>
<!-- Generated by org.testng.reporters.JUnitReportReporter -->
<testsuite hostname="DESKTOP-9N1BKMG" failures="0" tests="2" name="tests.FacebookSearchTest" time="1.756" errors="0" timestamp="2021-12-20T23:11:49 EET" skipped="0">
  <testcase classname="tests.FacebookSearchTest" name="searchForFacebookApp" time="0.238"/>
  <system-out/>
  <testcase classname="tests.FacebookSearchTest" name="searchForFacebookApp" time="1.518"/>
  <system-out/>
</testsuite> <!-- tests.FacebookSearchTest -->
