<?xml version="1.0" encoding="UTF-8"?>
<!-- Generated by org.testng.reporters.JUnitReportReporter -->
<testsuite hostname="DESKTOP-9N1BKMG" failures="0" tests="2" name="tests.SelectTedAppTest" time="6.697" errors="0" timestamp="2021-12-20T23:11:49 EET" skipped="0">
  <testcase classname="tests.SelectTedAppTest" name="selectTedApp" time="3.698"/>
  <system-out/>
  <testcase classname="tests.SelectTedAppTest" name="selectTedApp" time="2.999"/>
  <system-out/>
</testsuite> <!-- tests.SelectTedAppTest -->
