<?xml version="1.0" encoding="UTF-8"?>
<!-- Generated by org.testng.reporters.JUnitReportReporter -->
<testsuite hostname="DESKTOP-9N1BKMG" failures="0" tests="2" name="tests.TedSearchTest" time="7.079" errors="0" timestamp="2021-12-20T23:11:49 EET" skipped="0">
  <testcase classname="tests.TedSearchTest" name="searchForTedApp" time="0.792"/>
  <system-out/>
  <testcase classname="tests.TedSearchTest" name="searchForTedApp" time="6.287"/>
  <system-out/>
</testsuite> <!-- tests.TedSearchTest -->
