<?xml version="1.0" encoding="UTF-8"?>
<!-- Generated by org.testng.reporters.JUnitReportReporter -->
<testsuite hostname="DESKTOP-9N1BKMG" failures="0" tests="2" name="tests.HomeTest" time="2.210" errors="0" timestamp="2021-12-20T23:11:49 EET" skipped="0">
  <testcase classname="tests.HomeTest" name="OpenAppsLink" time="0.400"/>
  <system-out/>
  <testcase classname="tests.HomeTest" name="OpenAppsLink" time="1.810"/>
  <system-out/>
</testsuite> <!-- tests.HomeTest -->
